0 info it worked if it ends with ok
1 verbose cli [ '/usr/local/bin/node', '/usr/local/bin/npm', 'run', 'build' ]
2 info using npm@3.10.4
3 info using node@v6.2.0
4 verbose run-script [ 'prebuild', 'build', 'postbuild' ]
5 info lifecycle RubyDubyGlam-ui@0.1.0~prebuild: RubyDubyGlam-ui@0.1.0
6 silly lifecycle RubyDubyGlam-ui@0.1.0~prebuild: no script for prebuild, continuing
7 info lifecycle RubyDubyGlam-ui@0.1.0~build: RubyDubyGlam-ui@0.1.0
8 verbose lifecycle RubyDubyGlam-ui@0.1.0~build: unsafe-perm in lifecycle true
9 verbose lifecycle RubyDubyGlam-ui@0.1.0~build: PATH: /usr/local/lib/node_modules/npm/bin/node-gyp-bin:/Users/scottgago/Desktop/RubyDubyGlam/node_modules/.bin:/usr/local/bin:/usr/local/bin:/usr/bin:/bin:/usr/sbin:/sbin
10 verbose lifecycle RubyDubyGlam-ui@0.1.0~build: CWD: /Users/scottgago/Desktop/RubyDubyGlam
11 silly lifecycle RubyDubyGlam-ui@0.1.0~build: Args: [ '-c', 'node scripts/build.js' ]
12 silly lifecycle RubyDubyGlam-ui@0.1.0~build: Returned: code: 1  signal: null
13 info lifecycle RubyDubyGlam-ui@0.1.0~build: Failed to exec build script
14 verbose stack Error: RubyDubyGlam-ui@0.1.0 build: `node scripts/build.js`
14 verbose stack Exit status 1
14 verbose stack     at EventEmitter.<anonymous> (/usr/local/lib/node_modules/npm/lib/utils/lifecycle.js:242:16)
14 verbose stack     at emitTwo (events.js:106:13)
14 verbose stack     at EventEmitter.emit (events.js:191:7)
14 verbose stack     at ChildProcess.<anonymous> (/usr/local/lib/node_modules/npm/lib/utils/spawn.js:40:14)
14 verbose stack     at emitTwo (events.js:106:13)
14 verbose stack     at ChildProcess.emit (events.js:191:7)
14 verbose stack     at maybeClose (internal/child_process.js:850:16)
14 verbose stack     at Process.ChildProcess._handle.onexit (internal/child_process.js:215:5)
15 verbose pkgid RubyDubyGlam-ui@0.1.0
16 verbose cwd /Users/scottgago/Desktop/RubyDubyGlam
17 error Darwin 17.3.0
18 error argv "/usr/local/bin/node" "/usr/local/bin/npm" "run" "build"
19 error node v6.2.0
20 error npm  v3.10.4
21 error code ELIFECYCLE
22 error RubyDubyGlam-ui@0.1.0 build: `node scripts/build.js`
22 error Exit status 1
23 error Failed at the RubyDubyGlam-ui@0.1.0 build script 'node scripts/build.js'.
23 error Make sure you have the latest version of node.js and npm installed.
23 error If you do, this is most likely a problem with the RubyDubyGlam-ui package,
23 error not with npm itself.
23 error Tell the author that this fails on your system:
23 error     node scripts/build.js
23 error You can get information on how to open an issue for this project with:
23 error     npm bugs RubyDubyGlam-ui
23 error Or if that isn't available, you can get their info via:
23 error     npm owner ls RubyDubyGlam-ui
23 error There is likely additional logging output above.
24 verbose exit [ 1, true ]
